TN:
SF:src\App.jsx
FN:8,App
FN:14,(anonymous_1)
FN:18,(anonymous_2)
FN:24,(anonymous_3)
FN:38,(anonymous_4)
FN:42,(anonymous_5)
FN:54,(anonymous_6)
FN:56,(anonymous_7)
FN:63,(anonymous_8)
FNF:9
FNH:7
FNDA:41,App
FNDA:6,(anonymous_1)
FNDA:6,(anonymous_2)
FNDA:0,(anonymous_3)
FNDA:8,(anonymous_4)
FNDA:2,(anonymous_5)
FNDA:2,(anonymous_6)
FNDA:1,(anonymous_7)
FNDA:0,(anonymous_8)
DA:9,41
DA:10,41
DA:11,41
DA:12,41
DA:14,41
DA:15,6
DA:18,41
DA:20,6
DA:21,6
DA:22,0
DA:24,0
DA:25,0
DA:26,0
DA:32,0
DA:34,0
DA:38,41
DA:39,8
DA:42,41
DA:43,2
DA:44,2
DA:49,2
DA:50,2
DA:54,41
DA:55,2
DA:56,1
DA:57,1
DA:59,1
DA:63,41
DA:64,0
DA:65,0
DA:66,0
DA:69,41
LF:32
LH:23
BRDA:21,0,0,0
BRDA:21,0,1,6
BRDA:25,1,0,0
BRDA:25,1,1,0
BRDA:43,2,0,2
BRDA:43,2,1,0
BRDA:55,3,0,1
BRDA:55,3,1,1
BRF:8
BRH:4
end_of_record
TN:
SF:src\components\Footer.jsx
FN:1,Footer
FNF:1
FNH:1
FNDA:43,Footer
DA:2,43
LF:1
LH:1
BRF:0
BRH:0
end_of_record
TN:
SF:src\components\Header.jsx
FN:1,Header
FNF:1
FNH:1
FNDA:44,Header
DA:2,44
LF:1
LH:1
BRF:0
BRH:0
end_of_record
TN:
SF:src\components\LogInput.jsx
FN:3,LogInput
FN:9,(anonymous_1)
FNF:2
FNH:2
FNDA:49,LogInput
FNDA:34,(anonymous_1)
DA:4,49
DA:10,34
DA:11,34
DA:12,34
LF:4
LH:4
BRDA:11,0,0,34
BRDA:11,0,1,0
BRDA:21,1,0,1
BRDA:21,1,1,48
BRF:4
BRH:3
end_of_record
TN:
SF:src\components\LogList.jsx
FN:1,LogList
FN:7,(anonymous_1)
FNF:2
FNH:2
FNDA:48,LogList
FNDA:12,(anonymous_1)
DA:2,48
DA:8,12
LF:2
LH:2
BRDA:5,0,0,8
BRDA:5,0,1,40
BRDA:8,1,0,12
BRDA:8,1,1,3
BRDA:10,2,0,3
BRDA:10,2,1,9
BRDA:12,3,0,12
BRDA:12,3,1,9
BRDA:12,3,2,8
BRF:9
BRH:9
end_of_record
TN:
SF:src\components\Summary.jsx
FN:1,Summary
FNF:1
FNH:1
FNDA:47,Summary
DA:2,47
DA:3,5
LF:2
LH:2
BRDA:2,0,0,42
BRDA:2,0,1,5
BRF:2
BRH:2
end_of_record
